2018-06-22 09:22:37.382  INFO 4036 --- [main] com.xh.App                               : Starting App on DESKTOP-TCBP6TK with PID 4036 (D:\github\poi-excel\PoiDemo\target\classes started by asus in D:\github\poi-excel\PoiDemo)
2018-06-22 09:22:37.402  INFO 4036 --- [main] com.xh.App                               : No active profile set, falling back to default profiles: default
2018-06-22 09:22:39.267  INFO 4036 --- [main] ationConfigEmbeddedWebApplicationContext : Refreshing org.springframework.boot.context.embedded.AnnotationConfigEmbeddedWebApplicationContext@2f8f5f62: startup date [Fri Jun 22 09:22:39 CST 2018]; root of context hierarchy
2018-06-22 09:22:45.351  INFO 4036 --- [main] s.b.c.e.t.TomcatEmbeddedServletContainer : Tomcat initialized with port(s): 8082 (http)
2018-06-22 09:22:45.400  INFO 4036 --- [main] o.apache.catalina.core.StandardService   : Starting service [Tomcat]
2018-06-22 09:22:45.401  INFO 4036 --- [main] org.apache.catalina.core.StandardEngine  : Starting Servlet Engine: Apache Tomcat/8.5.23
2018-06-22 09:22:45.806  INFO 4036 --- [localhost-startStop-1] o.a.c.c.C.[.[localhost].[/PoiDemo]       : Initializing Spring embedded WebApplicationContext
2018-06-22 09:22:45.806  INFO 4036 --- [localhost-startStop-1] o.s.web.context.ContextLoader            : Root WebApplicationContext: initialization completed in 6595 ms
2018-06-22 09:22:46.071  INFO 4036 --- [localhost-startStop-1] o.s.b.w.servlet.ServletRegistrationBean  : Mapping servlet: 'dispatcherServlet' to [/]
2018-06-22 09:22:46.075  INFO 4036 --- [localhost-startStop-1] o.s.b.w.servlet.FilterRegistrationBean   : Mapping filter: 'characterEncodingFilter' to: [/*]
2018-06-22 09:22:46.076  INFO 4036 --- [localhost-startStop-1] o.s.b.w.servlet.FilterRegistrationBean   : Mapping filter: 'hiddenHttpMethodFilter' to: [/*]
2018-06-22 09:22:46.076  INFO 4036 --- [localhost-startStop-1] o.s.b.w.servlet.FilterRegistrationBean   : Mapping filter: 'httpPutFormContentFilter' to: [/*]
2018-06-22 09:22:46.077  INFO 4036 --- [localhost-startStop-1] o.s.b.w.servlet.FilterRegistrationBean   : Mapping filter: 'requestContextFilter' to: [/*]
2018-06-22 09:22:47.841  INFO 4036 --- [main] s.w.s.m.m.a.RequestMappingHandlerAdapter : Looking for @ControllerAdvice: org.springframework.boot.context.embedded.AnnotationConfigEmbeddedWebApplicationContext@2f8f5f62: startup date [Fri Jun 22 09:22:39 CST 2018]; root of context hierarchy
2018-06-22 09:22:47.936  INFO 4036 --- [main] s.w.s.m.m.a.RequestMappingHandlerMapping : Mapped "{[/siteInfo/exportExcel],methods=[GET]}" onto public java.lang.String com.xh.controller.SiteInfoController.exportExcel(java.lang.Integer,java.lang.String,java.lang.String,javax.servlet.http.HttpServletResponse,javax.servlet.http.HttpServletRequest)
2018-06-22 09:22:47.938  INFO 4036 --- [main] s.w.s.m.m.a.RequestMappingHandlerMapping : Mapped "{[/siteInfo/importExcel],methods=[POST]}" onto public java.lang.String com.xh.controller.SiteInfoController.importExcel(org.springframework.web.multipart.MultipartFile,java.lang.Integer)
2018-06-22 09:22:47.940  INFO 4036 --- [main] s.w.s.m.m.a.RequestMappingHandlerMapping : Mapped "{[/error]}" onto public org.springframework.http.ResponseEntity<java.util.Map<java.lang.String, java.lang.Object>> org.springframework.boot.autoconfigure.web.BasicErrorController.error(javax.servlet.http.HttpServletRequest)
2018-06-22 09:22:47.941  INFO 4036 --- [main] s.w.s.m.m.a.RequestMappingHandlerMapping : Mapped "{[/error],produces=[text/html]}" onto public org.springframework.web.servlet.ModelAndView org.springframework.boot.autoconfigure.web.BasicErrorController.errorHtml(javax.servlet.http.HttpServletRequest,javax.servlet.http.HttpServletResponse)
2018-06-22 09:22:47.995  INFO 4036 --- [main] o.s.w.s.handler.SimpleUrlHandlerMapping  : Mapped URL path [/webjars/**] onto handler of type [class org.springframework.web.servlet.resource.ResourceHttpRequestHandler]
2018-06-22 09:22:47.995  INFO 4036 --- [main] o.s.w.s.handler.SimpleUrlHandlerMapping  : Mapped URL path [/**] onto handler of type [class org.springframework.web.servlet.resource.ResourceHttpRequestHandler]
2018-06-22 09:22:48.103  INFO 4036 --- [main] o.s.w.s.handler.SimpleUrlHandlerMapping  : Mapped URL path [/**/favicon.ico] onto handler of type [class org.springframework.web.servlet.resource.ResourceHttpRequestHandler]
2018-06-22 09:22:48.135  INFO 4036 --- [main] oConfiguration$WelcomePageHandlerMapping : Adding welcome page: class path resource [public/index.html]
2018-06-22 09:22:48.458  INFO 4036 --- [main] o.s.j.e.a.AnnotationMBeanExporter        : Registering beans for JMX exposure on startup
2018-06-22 09:22:48.598  INFO 4036 --- [main] s.b.c.e.t.TomcatEmbeddedServletContainer : Tomcat started on port(s): 8082 (http)
2018-06-22 09:22:48.602  INFO 4036 --- [main] com.xh.App                               : Started App in 12.879 seconds (JVM running for 15.714)
2018-06-22 09:26:13.222  INFO 4036 --- [http-nio-8082-exec-10] o.a.c.c.C.[.[localhost].[/PoiDemo]       : Initializing Spring FrameworkServlet 'dispatcherServlet'
2018-06-22 09:26:13.223  INFO 4036 --- [http-nio-8082-exec-10] o.s.web.servlet.DispatcherServlet        : FrameworkServlet 'dispatcherServlet': initialization started
2018-06-22 09:26:13.271  INFO 4036 --- [http-nio-8082-exec-10] o.s.web.servlet.DispatcherServlet        : FrameworkServlet 'dispatcherServlet': initialization completed in 48 ms
2018-06-22 09:29:08.733 ERROR 4036 --- [http-nio-8082-exec-9] com.xh.poi.excel.ExcelUtil               : 导入excel错误 : The supplied file was empty (zero bytes long)
2018-06-22 09:29:08.733 ERROR 4036 --- [http-nio-8082-exec-9] com.xh.controller.SiteInfoController     : 上传excel后台错误 : null
2018-06-22 09:29:13.486 ERROR 4036 --- [http-nio-8082-exec-10] com.xh.poi.excel.ExcelUtil               : 导入excel错误 : The supplied file was empty (zero bytes long)
2018-06-22 09:29:13.487 ERROR 4036 --- [http-nio-8082-exec-10] com.xh.controller.SiteInfoController     : 上传excel后台错误 : null
2018-06-22 10:29:31.784  INFO 3020 --- [main] com.xh.App                               : Starting App on DESKTOP-TCBP6TK with PID 3020 (D:\github\poi-excel\PoiDemo\target\classes started by asus in D:\github\poi-excel\PoiDemo)
2018-06-22 10:29:31.814  INFO 3020 --- [main] com.xh.App                               : No active profile set, falling back to default profiles: default
2018-06-22 10:29:32.114  INFO 3020 --- [main] ationConfigEmbeddedWebApplicationContext : Refreshing org.springframework.boot.context.embedded.AnnotationConfigEmbeddedWebApplicationContext@2f8f5f62: startup date [Fri Jun 22 10:29:32 CST 2018]; root of context hierarchy
2018-06-22 10:29:36.609  INFO 3020 --- [main] s.b.c.e.t.TomcatEmbeddedServletContainer : Tomcat initialized with port(s): 8080 (http)
2018-06-22 10:29:36.646  INFO 3020 --- [main] o.apache.catalina.core.StandardService   : Starting service [Tomcat]
2018-06-22 10:29:36.647  INFO 3020 --- [main] org.apache.catalina.core.StandardEngine  : Starting Servlet Engine: Apache Tomcat/8.5.23
2018-06-22 10:29:36.919  INFO 3020 --- [localhost-startStop-1] o.a.c.c.C.[.[localhost].[/PoiDemo]       : Initializing Spring embedded WebApplicationContext
2018-06-22 10:29:36.920  INFO 3020 --- [localhost-startStop-1] o.s.web.context.ContextLoader            : Root WebApplicationContext: initialization completed in 4827 ms
2018-06-22 10:29:37.313  INFO 3020 --- [localhost-startStop-1] o.s.b.w.servlet.ServletRegistrationBean  : Mapping servlet: 'dispatcherServlet' to [/]
2018-06-22 10:29:37.318  INFO 3020 --- [localhost-startStop-1] o.s.b.w.servlet.FilterRegistrationBean   : Mapping filter: 'characterEncodingFilter' to: [/*]
2018-06-22 10:29:37.319  INFO 3020 --- [localhost-startStop-1] o.s.b.w.servlet.FilterRegistrationBean   : Mapping filter: 'hiddenHttpMethodFilter' to: [/*]
2018-06-22 10:29:37.319  INFO 3020 --- [localhost-startStop-1] o.s.b.w.servlet.FilterRegistrationBean   : Mapping filter: 'httpPutFormContentFilter' to: [/*]
2018-06-22 10:29:37.319  INFO 3020 --- [localhost-startStop-1] o.s.b.w.servlet.FilterRegistrationBean   : Mapping filter: 'requestContextFilter' to: [/*]
2018-06-22 10:29:39.220  INFO 3020 --- [main] s.w.s.m.m.a.RequestMappingHandlerAdapter : Looking for @ControllerAdvice: org.springframework.boot.context.embedded.AnnotationConfigEmbeddedWebApplicationContext@2f8f5f62: startup date [Fri Jun 22 10:29:32 CST 2018]; root of context hierarchy
2018-06-22 10:29:39.311  INFO 3020 --- [main] s.w.s.m.m.a.RequestMappingHandlerMapping : Mapped "{[/siteInfo/exportExcel],methods=[GET]}" onto public java.lang.String com.xh.controller.SiteInfoController.exportExcel(java.lang.Integer,java.lang.String,java.lang.String,javax.servlet.http.HttpServletResponse,javax.servlet.http.HttpServletRequest)
2018-06-22 10:29:39.312  INFO 3020 --- [main] s.w.s.m.m.a.RequestMappingHandlerMapping : Mapped "{[/siteInfo/importExcel],methods=[POST]}" onto public java.lang.String com.xh.controller.SiteInfoController.importExcel(org.springframework.web.multipart.MultipartFile,java.lang.Integer)
2018-06-22 10:29:39.315  INFO 3020 --- [main] s.w.s.m.m.a.RequestMappingHandlerMapping : Mapped "{[/error]}" onto public org.springframework.http.ResponseEntity<java.util.Map<java.lang.String, java.lang.Object>> org.springframework.boot.autoconfigure.web.BasicErrorController.error(javax.servlet.http.HttpServletRequest)
2018-06-22 10:29:39.315  INFO 3020 --- [main] s.w.s.m.m.a.RequestMappingHandlerMapping : Mapped "{[/error],produces=[text/html]}" onto public org.springframework.web.servlet.ModelAndView org.springframework.boot.autoconfigure.web.BasicErrorController.errorHtml(javax.servlet.http.HttpServletRequest,javax.servlet.http.HttpServletResponse)
2018-06-22 10:29:39.355  INFO 3020 --- [main] o.s.w.s.handler.SimpleUrlHandlerMapping  : Mapped URL path [/webjars/**] onto handler of type [class org.springframework.web.servlet.resource.ResourceHttpRequestHandler]
2018-06-22 10:29:39.355  INFO 3020 --- [main] o.s.w.s.handler.SimpleUrlHandlerMapping  : Mapped URL path [/**] onto handler of type [class org.springframework.web.servlet.resource.ResourceHttpRequestHandler]
2018-06-22 10:29:39.392  INFO 3020 --- [main] o.s.w.s.handler.SimpleUrlHandlerMapping  : Mapped URL path [/**/favicon.ico] onto handler of type [class org.springframework.web.servlet.resource.ResourceHttpRequestHandler]
2018-06-22 10:29:39.423  INFO 3020 --- [main] oConfiguration$WelcomePageHandlerMapping : Adding welcome page: class path resource [public/index.html]
2018-06-22 10:29:39.794  INFO 3020 --- [main] o.s.j.e.a.AnnotationMBeanExporter        : Registering beans for JMX exposure on startup
2018-06-22 10:29:39.906  INFO 3020 --- [main] s.b.c.e.t.TomcatEmbeddedServletContainer : Tomcat started on port(s): 8080 (http)
2018-06-22 10:29:39.911  INFO 3020 --- [main] com.xh.App                               : Started App in 9.537 seconds (JVM running for 10.204)
2018-06-22 10:30:02.273  INFO 3020 --- [http-nio-8080-exec-2] o.a.c.c.C.[.[localhost].[/PoiDemo]       : Initializing Spring FrameworkServlet 'dispatcherServlet'
2018-06-22 10:30:02.273  INFO 3020 --- [http-nio-8080-exec-2] o.s.web.servlet.DispatcherServlet        : FrameworkServlet 'dispatcherServlet': initialization started
2018-06-22 10:30:02.296  INFO 3020 --- [http-nio-8080-exec-2] o.s.web.servlet.DispatcherServlet        : FrameworkServlet 'dispatcherServlet': initialization completed in 23 ms
